0 info it worked if it ends with ok
1 verbose cli [ 'node', '/usr/local/bin/npm', 'update', '-g', 'bower' ]
2 info using npm@2.7.4
3 info using node@v0.12.2
4 silly mapToRegistry name bower
5 silly mapToRegistry using default registry
6 silly mapToRegistry registry https://registry.npmjs.org/
7 silly mapToRegistry uri https://registry.npmjs.org/bower
8 verbose request uri https://registry.npmjs.org/bower
9 verbose request no auth needed
10 info attempt registry request try #1 at 12:04:37
11 verbose request id 1a36a7e1c47302f5
12 verbose etag "EL9MGRLNON4T4ZXP9J0EA9ZP2"
13 http request GET https://registry.npmjs.org/bower
14 http 200 https://registry.npmjs.org/bower
15 silly get cb [ 200,
15 silly get   { server: 'CouchDB/1.5.0 (Erlang OTP/R16B03)',
15 silly get     etag: '"4KD7JL5DYL47GWO4N9ZKA6KGZ"',
15 silly get     'content-type': 'application/json',
15 silly get     'content-encoding': 'gzip',
15 silly get     'cache-control': 'max-age=300',
15 silly get     'content-length': '20829',
15 silly get     'accept-ranges': 'bytes',
15 silly get     date: 'Thu, 27 Oct 2016 04:04:37 GMT',
15 silly get     via: '1.1 varnish',
15 silly get     age: '221',
15 silly get     connection: 'keep-alive',
15 silly get     'x-served-by': 'cache-hkg6824-HKG',
15 silly get     'x-cache': 'HIT',
15 silly get     'x-cache-hits': '4',
15 silly get     'x-timer': 'S1477541077.930709,VS0,VE0',
15 silly get     vary: 'Accept-Encoding' } ]
16 verbose get saving bower to /Users/ccabel42/.npm/registry.npmjs.org/bower/.cache.json
17 info outdated updating [ [ '/usr/local/lib', 'bower', '1.3.12', '1.7.9', '1.7.9', 'latest' ] ]
18 verbose install where, what [ '/usr/local/lib', [ 'bower@1.7.9' ] ]
19 silly cache add args [ 'bower@1.7.9', null ]
20 verbose cache add spec bower@1.7.9
21 silly cache add parsed spec { raw: 'bower@1.7.9',
21 silly cache add   scope: null,
21 silly cache add   name: 'bower',
21 silly cache add   rawSpec: '1.7.9',
21 silly cache add   spec: '1.7.9',
21 silly cache add   type: 'version' }
22 verbose addNamed bower@1.7.9
23 silly addNamed semver.valid 1.7.9
24 silly addNamed semver.validRange 1.7.9
25 silly mapToRegistry name bower
26 silly mapToRegistry using default registry
27 silly mapToRegistry registry https://registry.npmjs.org/
28 silly mapToRegistry uri https://registry.npmjs.org/bower
29 verbose addNameVersion registry:https://registry.npmjs.org/bower not in flight; fetching
30 verbose get https://registry.npmjs.org/bower not expired, no request
31 silly mapToRegistry name bower
32 silly mapToRegistry using default registry
33 silly mapToRegistry registry https://registry.npmjs.org/
34 silly mapToRegistry uri https://registry.npmjs.org/bower
35 verbose addRemoteTarball https://registry.npmjs.org/bower/-/bower-1.7.9.tgz not in flight; adding
36 verbose addRemoteTarball [ 'https://registry.npmjs.org/bower/-/bower-1.7.9.tgz',
36 verbose addRemoteTarball   'b7296c2393e0d75edaa6ca39648132dd255812b0' ]
37 info retry fetch attempt 1 at 12:04:38
38 info attempt registry request try #1 at 12:04:38
39 http fetch GET https://registry.npmjs.org/bower/-/bower-1.7.9.tgz
40 http fetch 200 https://registry.npmjs.org/bower/-/bower-1.7.9.tgz
41 silly fetchAndShaCheck shasum b7296c2393e0d75edaa6ca39648132dd255812b0
42 verbose addTmpTarball /var/folders/h7/wq36l1vs15dgvvtc74ht69zr0000gn/T/npm-8166-995a163e/registry.npmjs.org/bower/-/bower-1.7.9.tgz not in flight; adding
43 verbose addTmpTarball already have metadata; skipping unpack for bower@1.7.9
44 silly cache afterAdd bower@1.7.9
45 verbose afterAdd /Users/ccabel42/.npm/bower/1.7.9/package/package.json not in flight; writing
46 verbose afterAdd /Users/ccabel42/.npm/bower/1.7.9/package/package.json written
47 silly install resolved [ { name: 'bower',
47 silly install resolved     version: '1.7.9',
47 silly install resolved     description: 'The browser package manager',
47 silly install resolved     author: { name: 'Twitter' },
47 silly install resolved     license: 'MIT',
47 silly install resolved     repository: { type: 'git', url: 'git+https://github.com/bower/bower.git' },
47 silly install resolved     main: 'lib',
47 silly install resolved     bin: { bower: 'bin/bower' },
47 silly install resolved     homepage: 'http://bower.io',
47 silly install resolved     engines: { node: '>=0.10.0' },
47 silly install resolved     keywords: [ 'bower' ],
47 silly install resolved     files: [ 'bin', 'lib' ],
47 silly install resolved     bugs: { url: 'https://github.com/bower/bower/issues' },
47 silly install resolved     _id: 'bower@1.7.9',
47 silly install resolved     scripts: {},
47 silly install resolved     _shasum: 'b7296c2393e0d75edaa6ca39648132dd255812b0',
47 silly install resolved     _from: 'bower@1.7.9',
47 silly install resolved     _npmVersion: '3.7.3',
47 silly install resolved     _nodeVersion: '5.9.0',
47 silly install resolved     _npmUser: { name: 'sheerun', email: 'sheerun@sher.pl' },
47 silly install resolved     dist:
47 silly install resolved      { shasum: 'b7296c2393e0d75edaa6ca39648132dd255812b0',
47 silly install resolved        tarball: 'https://registry.npmjs.org/bower/-/bower-1.7.9.tgz' },
47 silly install resolved     maintainers:
47 silly install resolved      [ [Object],
47 silly install resolved        [Object],
47 silly install resolved        [Object],
47 silly install resolved        [Object],
47 silly install resolved        [Object],
47 silly install resolved        [Object],
47 silly install resolved        [Object] ],
47 silly install resolved     _npmOperationalInternal:
47 silly install resolved      { host: 'packages-12-west.internal.npmjs.com',
47 silly install resolved        tmp: 'tmp/bower-1.7.9.tgz_1459857239351_0.9720134933013469' },
47 silly install resolved     directories: {},
47 silly install resolved     _resolved: 'https://registry.npmjs.org/bower/-/bower-1.7.9.tgz' } ]
48 info install bower@1.7.9 into /usr/local/lib
49 info installOne bower@1.7.9
50 verbose installOne of bower to /usr/local/lib not in flight; installing
51 warn locking Error: EACCES, open '/Users/ccabel42/.npm/_locks/bower-e8debc5417026b57.lock'
51 warn locking     at Error (native)
51 warn locking  /Users/ccabel42/.npm/_locks/bower-e8debc5417026b57.lock failed { [Error: EACCES, open '/Users/ccabel42/.npm/_locks/bower-e8debc5417026b57.lock']
51 warn locking   errno: -13,
51 warn locking   code: 'EACCES',
51 warn locking   path: '/Users/ccabel42/.npm/_locks/bower-e8debc5417026b57.lock' }
52 verbose stack Error: Attempt to unlock /usr/local/lib/node_modules/bower, which hasn't been locked
52 verbose stack     at unlock (/usr/local/lib/node_modules/npm/lib/utils/locker.js:66:11)
52 verbose stack     at cb (/usr/local/lib/node_modules/npm/lib/install.js:1004:5)
52 verbose stack     at /usr/local/lib/node_modules/npm/lib/install.js:1008:20
52 verbose stack     at /usr/local/lib/node_modules/npm/lib/utils/locker.js:40:9
52 verbose stack     at cb (/usr/local/lib/node_modules/npm/node_modules/lockfile/lockfile.js:149:38)
52 verbose stack     at /usr/local/lib/node_modules/npm/node_modules/lockfile/lockfile.js:177:38
52 verbose stack     at FSReqWrap.oncomplete (fs.js:95:15)
53 verbose cwd /Users/ccabel42/Sites/bos
54 error Darwin 16.1.0
55 error argv "node" "/usr/local/bin/npm" "update" "-g" "bower"
56 error node v0.12.2
57 error npm  v2.7.4
58 error Attempt to unlock /usr/local/lib/node_modules/bower, which hasn't been locked
59 error If you need help, you may report this error at:
59 error     <https://github.com/npm/npm/issues>
60 verbose exit [ 1, true ]
